<?xml version="1.0" encoding="UTF-8"?>
<!-- Generated by org.testng.reporters.JUnitReportReporter -->
<testsuite skipped="0" hostname="Swaman" name="com.testautomation.TestRunner.TestRunner" tests="1" failures="0" timestamp="15 May 2019 17:36:46 GMT" time="20.990" errors="0">
  <testcase name="feature" time="20.990" classname="com.testautomation.TestRunner.TestRunner"/>
</testsuite> <!-- com.testautomation.TestRunner.TestRunner -->
